{"level":"error","message":"\nInvalid `tx.transaction.create()` invocation in\nC:\\Users\\Sujith\\Downloads\\Banking Ledger Backend\\src\\controllers\\userController.js:97:34\n\n  94 });\n  95 \n  96 // LOG THE FEE: Create a ledger record so the user sees why $5 left\n→ 97 await tx.transaction.create(\nForeign key constraint violated on the constraint: `Transaction_receiverId_fkey`","method":"POST","path":"/api/v1/transfer","statusCode":500,"timestamp":"2026-05-21 16:08:39","userId":"72748d31-e330-400f-987e-260c0e0fd3c9"}
{"level":"error","message":"AppError is not a constructor","method":"POST","path":"/api/v1/transfer","statusCode":500,"timestamp":"2026-05-21 16:08:40","userId":"ec11a560-59db-4dd8-a7f6-6ce91eb3ae51"}
{"level":"error","message":"AppError is not a constructor","method":"POST","path":"/api/v1/transfer","statusCode":500,"timestamp":"2026-05-21 16:08:41","userId":"d4a82d77-fc07-4968-a09a-2dd9b6473f13"}
{"level":"error","message":"\nInvalid `tx.transaction.create()` invocation in\nC:\\Users\\Sujith\\Downloads\\Banking Ledger Backend\\src\\controllers\\userController.js:97:34\n\n  94 });\n  95 \n  96 // LOG THE FEE: Create a ledger record so the user sees why $5 left\n→ 97 await tx.transaction.create(\nForeign key constraint violated on the constraint: `Transaction_receiverId_fkey`","method":"POST","path":"/api/v1/transfer","statusCode":500,"timestamp":"2026-05-21 16:08:43","userId":"2da774f8-d61c-4fa8-b6c8-f63b68ceaf54"}
{"level":"error","message":"Cannot read properties of undefined (reading '0')","method":"POST","path":"/api/v1/transfer","statusCode":500,"timestamp":"2026-05-21 16:08:45","userId":"eec0ace5-363a-4712-bfc6-d6879a81aec7"}
{"level":"error","message":"Transaction API error: Transaction not found. Transaction ID is invalid, refers to an old closed transaction Prisma doesn't have information about anymore, or was obtained before disconnecting.","method":"POST","path":"/api/v1/transfer","statusCode":500,"timestamp":"2026-05-21 16:08:51","userId":"79d738cb-1851-4697-a71b-b64c76e415de"}
{"level":"error","message":"AppError is not a constructor","method":"POST","path":"/api/v1/transfer","statusCode":500,"timestamp":"2026-05-21 16:08:51","userId":"79d738cb-1851-4697-a71b-b64c76e415de"}
{"level":"error","message":"Transaction Denied: Exceeds -100 credit limit (including $5 fee)","method":"POST","path":"/api/v1/transfer","statusCode":400,"timestamp":"2026-05-21 17:27:12","userId":"80f91121-a813-4a85-a472-8eaf55088e0a"}
{"level":"error","message":"Daily limit of $500 exceeded","method":"POST","path":"/api/v1/transfer","statusCode":400,"timestamp":"2026-05-21 17:27:14","userId":"73596ca9-79ba-4a9c-9383-af54d7a0ebc1"}
{"level":"error","message":"Cannot read properties of undefined (reading '0')","method":"POST","path":"/api/v1/transfer","statusCode":500,"timestamp":"2026-05-21 17:27:17","userId":"2f6b8043-551b-4549-9b10-65c1b020814c"}
{"level":"error","message":"Security Alert: Excessive transfer attempts detected","method":"POST","path":"/api/v1/transfer","statusCode":429,"timestamp":"2026-05-21 17:27:24","userId":"f8ae398f-e0a6-4e66-a5de-acb82d5486a1"}
{"level":"error","message":"Transaction Denied: Exceeds -100 credit limit (including $5 fee)","method":"POST","path":"/api/v1/transfer","statusCode":400,"timestamp":"2026-05-21 17:42:17","userId":"50aba248-f440-489d-b078-2e62018d1a76"}
{"level":"error","message":"Daily limit of $500 exceeded","method":"POST","path":"/api/v1/transfer","statusCode":400,"timestamp":"2026-05-21 17:42:18","userId":"bba5b549-6e1b-43d1-9a4e-d95f629a9d5f"}
{"level":"error","message":"Insufficient funds (Concurrency Check)","method":"POST","path":"/api/v1/transfer","statusCode":400,"timestamp":"2026-05-21 17:42:20","userId":"f436e06f-07c3-4ff8-b1be-d43d676e0833"}
{"level":"error","message":"Cannot read properties of undefined (reading '0')","method":"POST","path":"/api/v1/transfer","statusCode":500,"timestamp":"2026-05-21 17:42:21","userId":"cc8fb144-9bf2-400f-9693-ada62015a62a"}
{"level":"error","message":"Security Alert: Excessive transfer attempts detected","method":"POST","path":"/api/v1/transfer","statusCode":429,"timestamp":"2026-05-21 17:42:27","userId":"790faad1-d5a0-429c-a7c7-1d2d6008d7d4"}
{"level":"error","message":"Transaction Denied: Exceeds -100 credit limit (including $5 fee)","method":"POST","path":"/api/v1/transfer","statusCode":400,"timestamp":"2026-05-21 17:47:39","userId":"93c1c3c6-dd7f-452e-950a-31d26a32e48e"}
{"level":"error","message":"Daily limit of $500 exceeded","method":"POST","path":"/api/v1/transfer","statusCode":400,"timestamp":"2026-05-21 17:47:41","userId":"4b818b4a-96dd-4ac5-ad28-4b59f0c2bae0"}
{"level":"error","message":"Insufficient funds (Concurrency Check)","method":"POST","path":"/api/v1/transfer","statusCode":400,"timestamp":"2026-05-21 17:47:42","userId":"b3d72a49-e26e-4468-8e4e-95d681b275ff"}
{"level":"error","message":"Cannot read properties of undefined (reading '0')","method":"POST","path":"/api/v1/transfer","statusCode":500,"timestamp":"2026-05-21 17:47:43","userId":"fed1a487-166e-4ec0-9d53-e48469ce2c14"}
{"level":"error","message":"Security Alert: Excessive transfer attempts detected","method":"POST","path":"/api/v1/transfer","statusCode":429,"timestamp":"2026-05-21 17:47:50","userId":"2513065f-bb6b-41e7-8dca-0d13b6edc72d"}
{"level":"error","message":"Transaction Denied: Exceeds -100 credit limit (including $5 fee)","method":"POST","path":"/api/v1/transfer","statusCode":400,"timestamp":"2026-05-21 17:50:36","userId":"84712fc7-a9f7-481c-99c0-3b750a779a78"}
{"level":"error","message":"Daily limit of $500 exceeded","method":"POST","path":"/api/v1/transfer","statusCode":400,"timestamp":"2026-05-21 17:50:37","userId":"9a9560e8-ae8e-4adb-b87f-4bf887453d5e"}
{"level":"error","message":"Insufficient funds (Concurrency Check)","method":"POST","path":"/api/v1/transfer","statusCode":400,"timestamp":"2026-05-21 17:50:39","userId":"4bc1ea24-1cc7-4eaa-973f-26a0da1ca3f2"}
{"level":"error","message":"Cannot read properties of undefined (reading '0')","method":"POST","path":"/api/v1/transfer","statusCode":500,"timestamp":"2026-05-21 17:50:40","userId":"dd7286ca-ff8a-4d2e-816a-4960d9e07ee8"}
{"level":"error","message":"Security Alert: Excessive transfer attempts detected","method":"POST","path":"/api/v1/transfer","statusCode":429,"timestamp":"2026-05-21 17:50:47","userId":"c76d018e-60f7-4fb2-9463-b79e8e0ad929"}
{"level":"error","message":"Transaction Denied: Exceeds -100 credit limit (including $5 fee)","method":"POST","path":"/api/v1/transfer","statusCode":400,"timestamp":"2026-05-21 17:55:32","userId":"a9ec3a2d-8a88-4871-ae97-86324e9f638f"}
{"level":"error","message":"Daily limit of $500 exceeded","method":"POST","path":"/api/v1/transfer","statusCode":400,"timestamp":"2026-05-21 17:55:33","userId":"e34604a6-1c2a-4556-9d4b-7f7985a6c2be"}
{"level":"error","message":"Insufficient funds (Concurrency Check)","method":"POST","path":"/api/v1/transfer","statusCode":400,"timestamp":"2026-05-21 17:55:35","userId":"ab80cb16-28e3-4844-af41-b5b8b327c382"}
{"level":"error","message":"Cannot read properties of undefined (reading '0')","method":"POST","path":"/api/v1/transfer","statusCode":500,"timestamp":"2026-05-21 17:55:36","userId":"b654af0f-16f8-4189-946c-abaf3fdbf40f"}
{"level":"error","message":"Security Alert: Excessive transfer attempts detected","method":"POST","path":"/api/v1/transfer","statusCode":429,"timestamp":"2026-05-21 17:55:42","userId":"b9e7849f-59af-4372-b1a8-e72988c38939"}
{"level":"error","message":"Transaction Denied: Exceeds -100 credit limit (including $5 fee)","method":"POST","path":"/api/v1/transfer","statusCode":400,"timestamp":"2026-05-21 17:59:53","userId":"8c826722-bd45-4cd4-8d4b-29d3af6be3a4"}
{"level":"error","message":"Daily limit of $500 exceeded","method":"POST","path":"/api/v1/transfer","statusCode":400,"timestamp":"2026-05-21 17:59:54","userId":"cf14c230-38c3-49de-9f33-573f7b09c13a"}
{"level":"error","message":"Insufficient funds (Concurrency Check)","method":"POST","path":"/api/v1/transfer","statusCode":400,"timestamp":"2026-05-21 17:59:57","userId":"85d85a94-0533-4a40-925b-48778bd0e314"}
{"level":"error","message":"Cannot read properties of undefined (reading '0')","method":"POST","path":"/api/v1/transfer","statusCode":500,"timestamp":"2026-05-21 17:59:58","userId":"b0a953dd-3220-4a86-83aa-f21aff3a883d"}
{"level":"error","message":"Security Alert: Excessive transfer attempts detected","method":"POST","path":"/api/v1/transfer","statusCode":429,"timestamp":"2026-05-21 18:00:04","userId":"325f5039-c9ef-4303-82fc-eade44524908"}
{"level":"error","message":"Transaction Denied: Exceeds -100 credit limit (including $5 fee)","method":"POST","path":"/api/v1/transfer","statusCode":400,"timestamp":"2026-05-21 18:01:39","userId":"de5a0ca4-ecd9-45bf-85b1-62c1b853a05f"}
{"level":"error","message":"Daily limit of $500 exceeded","method":"POST","path":"/api/v1/transfer","statusCode":400,"timestamp":"2026-05-21 18:01:40","userId":"e80a9f7d-298d-4923-80f8-cbc69bb7a1da"}
{"level":"error","message":"Insufficient funds (Concurrency Check)","method":"POST","path":"/api/v1/transfer","statusCode":400,"timestamp":"2026-05-21 18:01:42","userId":"3409c415-849c-4544-9fd9-92bf18d514fe"}
{"level":"error","message":"Cannot read properties of undefined (reading '0')","method":"POST","path":"/api/v1/transfer","statusCode":500,"timestamp":"2026-05-21 18:01:44","userId":"b574e631-eacf-404b-a45f-bcd80fd5867f"}
{"level":"error","message":"Security Alert: Excessive transfer attempts detected","method":"POST","path":"/api/v1/transfer","statusCode":429,"timestamp":"2026-05-21 18:01:50","userId":"e66bb4de-8dc5-453f-80a2-e56fb2a8e13d"}
{"level":"error","message":"Transaction Denied: Exceeds -100 credit limit (including $5 fee)","method":"POST","path":"/api/v1/transfer","statusCode":400,"timestamp":"2026-05-21 18:04:31","userId":"01945fe6-b715-416e-a61c-245fa1dacb29"}
{"level":"error","message":"Daily limit of $500 exceeded","method":"POST","path":"/api/v1/transfer","statusCode":400,"timestamp":"2026-05-21 18:04:32","userId":"e6992b45-2e1d-4b01-9966-7b26396fb247"}
{"level":"error","message":"Insufficient funds (Concurrency Check)","method":"POST","path":"/api/v1/transfer","statusCode":400,"timestamp":"2026-05-21 18:04:34","userId":"64c1a8db-eaa9-4419-a48d-3d8a94b7fd38"}
{"level":"error","message":"Cannot read properties of undefined (reading '0')","method":"POST","path":"/api/v1/transfer","statusCode":500,"timestamp":"2026-05-21 18:04:35","userId":"73b3f85a-77f5-4d5f-88fd-0bd67106206f"}
{"level":"error","message":"Security Alert: Excessive transfer attempts detected","method":"POST","path":"/api/v1/transfer","statusCode":429,"timestamp":"2026-05-21 18:04:41","userId":"1d787d21-24bb-4e74-9b6c-4a1308fe4461"}
{"level":"error","message":"Transaction Denied: Exceeds -100 credit limit (including $5 fee)","method":"POST","path":"/api/v1/transfer","statusCode":400,"timestamp":"2026-05-21 18:05:50","userId":"07510cd6-b043-4358-8977-d3d21033536f"}
{"level":"error","message":"Daily limit of $500 exceeded","method":"POST","path":"/api/v1/transfer","statusCode":400,"timestamp":"2026-05-21 18:05:51","userId":"3b4c831e-b95d-4132-960d-b9ea67b3a6e1"}
{"level":"error","message":"Insufficient funds (Concurrency Check)","method":"POST","path":"/api/v1/transfer","statusCode":400,"timestamp":"2026-05-21 18:05:53","userId":"c699cc15-d9a2-46d6-9499-e9542d514b6a"}
{"level":"error","message":"Cannot read properties of undefined (reading '0')","method":"POST","path":"/api/v1/transfer","statusCode":500,"timestamp":"2026-05-21 18:05:54","userId":"327c9141-333a-42b7-ac9d-1916d2f04bd4"}
{"level":"error","message":"Security Alert: Excessive transfer attempts detected","method":"POST","path":"/api/v1/transfer","statusCode":429,"timestamp":"2026-05-21 18:06:00","userId":"765bd199-3086-4576-bea9-c59339866229"}
{"level":"error","message":"Transaction Denied: Exceeds -100 credit limit (including $5 fee)","method":"POST","path":"/api/v1/transfer","statusCode":400,"timestamp":"2026-05-21 18:09:38","userId":"f21c3e78-54dd-492e-9250-ae60ca83575b"}
{"level":"error","message":"Daily limit of $500 exceeded","method":"POST","path":"/api/v1/transfer","statusCode":400,"timestamp":"2026-05-21 18:09:39","userId":"2f42e754-fcad-401d-9afc-45921919661b"}
{"level":"error","message":"Insufficient funds (Concurrency Check)","method":"POST","path":"/api/v1/transfer","statusCode":400,"timestamp":"2026-05-21 18:09:41","userId":"2fc96c1f-c80e-4e0a-acf7-d9b5038ec901"}
{"level":"error","message":"Cannot read properties of undefined (reading '0')","method":"POST","path":"/api/v1/transfer","statusCode":500,"timestamp":"2026-05-21 18:09:42","userId":"d3666308-01ed-4f48-a35f-a23447be52d1"}
{"level":"error","message":"Security Alert: Excessive transfer attempts detected","method":"POST","path":"/api/v1/transfer","statusCode":429,"timestamp":"2026-05-21 18:09:48","userId":"083552f9-dfec-430c-9e90-31e063d9cf34"}
{"level":"error","message":"Transaction Denied: Exceeds -100 credit limit (including $5 fee)","method":"POST","path":"/api/v1/transfer","statusCode":400,"timestamp":"2026-05-21 18:10:59","userId":"e7b41582-da17-40f6-a220-500b3a7ab40b"}
{"level":"error","message":"Daily limit of $500 exceeded","method":"POST","path":"/api/v1/transfer","statusCode":400,"timestamp":"2026-05-21 18:11:00","userId":"4edf21f3-f4e0-45bb-aa53-e49b9b4c395b"}
{"level":"error","message":"Insufficient funds (Concurrency Check)","method":"POST","path":"/api/v1/transfer","statusCode":400,"timestamp":"2026-05-21 18:11:02","userId":"f8d95c29-a36f-424e-bf51-59dd77326bfb"}
{"level":"error","message":"Cannot read properties of undefined (reading '0')","method":"POST","path":"/api/v1/transfer","statusCode":500,"timestamp":"2026-05-21 18:11:03","userId":"6d77b98b-ec3f-4190-bbfd-b9f71f1a2f6f"}
{"level":"error","message":"Security Alert: Excessive transfer attempts detected","method":"POST","path":"/api/v1/transfer","statusCode":429,"timestamp":"2026-05-21 18:11:09","userId":"c3a9aa6f-00e1-4a3e-aa89-2f33448f127b"}
{"level":"error","message":"Transaction Denied: Exceeds -100 credit limit (including $5 fee)","method":"POST","path":"/api/v1/transfer","statusCode":400,"timestamp":"2026-05-21 18:13:25","userId":"4cb7d3c3-6a4d-4ca8-bf3d-deb6c6851a1f"}
{"level":"error","message":"Daily limit of $500 exceeded","method":"POST","path":"/api/v1/transfer","statusCode":400,"timestamp":"2026-05-21 18:13:26","userId":"9a82a456-66a5-482c-b90a-55f2884b2bd0"}
{"level":"error","message":"Insufficient funds (Concurrency Check)","method":"POST","path":"/api/v1/transfer","statusCode":400,"timestamp":"2026-05-21 18:13:28","userId":"4af567ea-02a4-4cfa-b0b1-49a631a32b87"}
{"level":"error","message":"Cannot read properties of undefined (reading '0')","method":"POST","path":"/api/v1/transfer","statusCode":500,"timestamp":"2026-05-21 18:13:29","userId":"b6bc0aee-f888-4894-86b3-7ad333caa853"}
{"level":"error","message":"Security Alert: Excessive transfer attempts detected","method":"POST","path":"/api/v1/transfer","statusCode":429,"timestamp":"2026-05-21 18:13:36","userId":"e40c0c3b-ce31-4ac4-bc86-5297ee42815e"}
{"level":"error","message":"Transaction Denied: Exceeds -100 credit limit (including $5 fee)","method":"POST","path":"/api/v1/transfer","statusCode":400,"timestamp":"2026-05-21 18:14:47","userId":"b076adbd-3b0f-42f3-814a-eedc18e6a57b"}
{"level":"error","message":"Daily limit of $500 exceeded","method":"POST","path":"/api/v1/transfer","statusCode":400,"timestamp":"2026-05-21 18:14:48","userId":"356eab9c-844b-4064-a4b1-087cd738aab9"}
{"level":"error","message":"Insufficient funds (Concurrency Check)","method":"POST","path":"/api/v1/transfer","statusCode":400,"timestamp":"2026-05-21 18:14:50","userId":"a571ed1f-799f-4b05-a50e-5d4447ef0013"}
{"level":"error","message":"Cannot read properties of undefined (reading '0')","method":"POST","path":"/api/v1/transfer","statusCode":500,"timestamp":"2026-05-21 18:14:51","userId":"fdbca3a9-7220-48f2-901f-f3398b85881e"}
{"level":"error","message":"Security Alert: Excessive transfer attempts detected","method":"POST","path":"/api/v1/transfer","statusCode":429,"timestamp":"2026-05-21 18:14:57","userId":"f667ed88-d314-4a45-bd85-32eb490eac77"}
{"level":"error","message":"Transaction Denied: Exceeds -100 credit limit (including $5 fee)","method":"POST","path":"/api/v1/transfer","statusCode":400,"timestamp":"2026-05-21 18:31:54","userId":"04c8c826-2862-4d89-8013-744fa8a1927c"}
{"level":"error","message":"Daily limit of $500 exceeded","method":"POST","path":"/api/v1/transfer","statusCode":400,"timestamp":"2026-05-21 18:31:55","userId":"8cce4199-a5ea-4e21-868c-a66e2daa4d3d"}
{"level":"error","message":"Insufficient funds (Concurrency Check)","method":"POST","path":"/api/v1/transfer","statusCode":400,"timestamp":"2026-05-21 18:31:57","userId":"fda9739f-596c-47eb-a49b-02ef3905a386"}
{"level":"error","message":"Cannot read properties of undefined (reading '0')","method":"POST","path":"/api/v1/transfer","statusCode":500,"timestamp":"2026-05-21 18:31:58","userId":"b30f6b33-1e54-4fea-bc2f-59ad129b7dbb"}
{"level":"error","message":"Security Alert: Excessive transfer attempts detected","method":"POST","path":"/api/v1/transfer","statusCode":429,"timestamp":"2026-05-21 18:32:04","userId":"a1fb20a2-e1e5-4c18-9a8c-d6fbaecd5080"}
{"level":"error","message":"Transaction Denied: Exceeds -100 credit limit (including $5 fee)","method":"POST","path":"/api/v1/transfer","statusCode":400,"timestamp":"2026-05-21 18:35:30","userId":"d4b29bb6-bca0-4cb0-b9fa-e9d07372bfff"}
{"level":"error","message":"Daily limit of $500 exceeded","method":"POST","path":"/api/v1/transfer","statusCode":400,"timestamp":"2026-05-21 18:35:31","userId":"08481231-9272-4329-938b-e577212a8a61"}
{"level":"error","message":"Insufficient funds (Concurrency Check)","method":"POST","path":"/api/v1/transfer","statusCode":400,"timestamp":"2026-05-21 18:35:33","userId":"9fe775f3-8e00-470e-b173-1536571164ea"}
{"level":"error","message":"Cannot read properties of undefined (reading '0')","method":"POST","path":"/api/v1/transfer","statusCode":500,"timestamp":"2026-05-21 18:35:34","userId":"9c850e5a-a0c1-4bc4-a948-344879daca17"}
{"level":"error","message":"Security Alert: Excessive transfer attempts detected","method":"POST","path":"/api/v1/transfer","statusCode":429,"timestamp":"2026-05-21 18:35:41","userId":"6851960e-9fea-442a-ad3f-9e1ebf5c6f3e"}
{"level":"error","message":"Transaction Denied: Exceeds -100 credit limit (including $5 fee)","method":"POST","path":"/api/v1/transfer","statusCode":400,"timestamp":"2026-05-21 18:42:44","userId":"73f96d0f-98d7-448d-b429-e0f4a88c9e46"}
{"level":"error","message":"Daily limit of $500 exceeded","method":"POST","path":"/api/v1/transfer","statusCode":400,"timestamp":"2026-05-21 18:42:45","userId":"f9d68d45-d6cf-455d-86d4-b3d0659d9bc1"}
{"level":"error","message":"Insufficient funds (Concurrency Check)","method":"POST","path":"/api/v1/transfer","statusCode":400,"timestamp":"2026-05-21 18:42:47","userId":"ec6c3c11-a733-41ce-9fda-68d410a6d10d"}
{"level":"error","message":"Cannot read properties of undefined (reading '0')","method":"POST","path":"/api/v1/transfer","statusCode":500,"timestamp":"2026-05-21 18:42:48","userId":"e9f06eb2-667b-4253-a574-5b88c77b554e"}
{"level":"error","message":"Security Alert: Excessive transfer attempts detected","method":"POST","path":"/api/v1/transfer","statusCode":429,"timestamp":"2026-05-21 18:42:55","userId":"2e53e744-1048-4c4f-9771-39bb03309400"}
{"level":"error","message":"Transaction Denied: Exceeds -100 credit limit (including $5 fee)","method":"POST","path":"/api/v1/transfer","statusCode":400,"timestamp":"2026-05-21 18:46:08","userId":"9117ebc3-a57c-46fc-bea4-dea2cc76d2b0"}
{"level":"error","message":"Daily limit of $500 exceeded","method":"POST","path":"/api/v1/transfer","statusCode":400,"timestamp":"2026-05-21 18:46:09","userId":"5d5f189c-d1a8-42e8-aa8e-8e61d6e5203c"}
{"level":"error","message":"\nInvalid `tx.user.update()` invocation in\nC:\\Users\\Sujith\\Downloads\\Banking Ledger Backend\\src\\controllers\\userController.js:85:23\n\n  82 if (!receiver) throw new AppError(\"Receiver not found\", 404);\n  83 \n  84 // 4. MOVE THE MONEY\n→ 85 await tx.user.update(\nTransaction failed due to a write conflict or a deadlock. Please retry your transaction","method":"POST","path":"/api/v1/transfer","statusCode":500,"timestamp":"2026-05-21 18:46:12","userId":"7d47d44a-d86d-4b71-9ffd-c1cb61326ecd"}
{"level":"error","message":"Cannot read properties of undefined (reading '0')","method":"POST","path":"/api/v1/transfer","statusCode":500,"timestamp":"2026-05-21 18:46:13","userId":"abe864fa-3377-4273-ae1e-d9eddafab91f"}
{"level":"error","message":"Security Alert: Excessive transfer attempts detected","method":"POST","path":"/api/v1/transfer","statusCode":429,"timestamp":"2026-05-21 18:46:19","userId":"5f9d0270-a4a1-46be-8936-9bf81245dd49"}
{"level":"error","message":"Transaction Denied: Exceeds -100 credit limit (including $5 fee)","method":"POST","path":"/api/v1/transfer","statusCode":400,"timestamp":"2026-05-21 18:49:51","userId":"7f3091a6-b2ea-468d-b2a0-ab118b1206cd"}
{"level":"error","message":"Daily limit of $500 exceeded","method":"POST","path":"/api/v1/transfer","statusCode":400,"timestamp":"2026-05-21 18:49:52","userId":"527544bf-ee17-48e1-a71c-5bcecb82fd48"}
{"level":"error","message":"Insufficient funds (Concurrency Check)","method":"POST","path":"/api/v1/transfer","statusCode":400,"timestamp":"2026-05-21 18:49:54","userId":"19cbbd2f-97c3-435f-921a-86839d8b5f6c"}
{"level":"error","message":"Cannot read properties of undefined (reading '0')","method":"POST","path":"/api/v1/transfer","statusCode":500,"timestamp":"2026-05-21 18:49:55","userId":"b2b5e914-e6aa-4d5a-a1f7-ca4889f89a06"}
{"level":"error","message":"Security Alert: Excessive transfer attempts detected","method":"POST","path":"/api/v1/transfer","statusCode":429,"timestamp":"2026-05-21 18:50:02","userId":"98eb3f9b-5aa9-406b-8230-9e4b3a23aef5"}
{"level":"error","message":"Transaction Denied: Exceeds -100 credit limit (including $5 fee)","method":"POST","path":"/api/v1/transfer","statusCode":400,"timestamp":"2026-05-21 18:51:57","userId":"63969ee5-9de3-4d4f-be38-8bb8d425ad54"}
{"level":"error","message":"Daily limit of $500 exceeded","method":"POST","path":"/api/v1/transfer","statusCode":400,"timestamp":"2026-05-21 18:51:58","userId":"6488dc53-f008-4fcb-83b8-5bc1c3b7a6ef"}
{"level":"error","message":"Insufficient funds (Concurrency Check)","method":"POST","path":"/api/v1/transfer","statusCode":400,"timestamp":"2026-05-21 18:52:00","userId":"0c4aa1bc-ecaa-4d24-9ca5-bde23c8c2692"}
{"level":"error","message":"Cannot read properties of undefined (reading '0')","method":"POST","path":"/api/v1/transfer","statusCode":500,"timestamp":"2026-05-21 18:52:02","userId":"26f6bae5-7bfc-425e-86f6-a9647732869d"}
{"level":"error","message":"Security Alert: Excessive transfer attempts detected","method":"POST","path":"/api/v1/transfer","statusCode":429,"timestamp":"2026-05-21 18:52:08","userId":"2b423563-2c3a-4f80-bf4e-f2959abedf74"}
{"level":"error","message":"Transaction Denied: Exceeds -100 credit limit (including $5 fee)","method":"POST","path":"/api/v1/transfer","statusCode":400,"timestamp":"2026-05-21 18:57:28","userId":"0f3845d9-26ab-4a98-bfe1-c8b43fda1a0b"}
{"level":"error","message":"Daily limit of $500 exceeded","method":"POST","path":"/api/v1/transfer","statusCode":400,"timestamp":"2026-05-21 18:57:29","userId":"abc65e25-a082-461a-b4a9-77856f0b7291"}
{"level":"error","message":"Insufficient funds (Concurrency Check)","method":"POST","path":"/api/v1/transfer","statusCode":400,"timestamp":"2026-05-21 18:57:31","userId":"90f31387-93e6-4b42-bed1-637c87cfb041"}
{"level":"error","message":"Security Alert: Excessive transfer attempts detected","method":"POST","path":"/api/v1/transfer","statusCode":429,"timestamp":"2026-05-21 18:57:40","userId":"1c659cc3-f40d-435c-bf31-7a540cde9acc"}
{"level":"error","message":"Transaction Denied: Exceeds -100 credit limit (including $5 fee)","method":"POST","path":"/api/v1/transfer","statusCode":400,"timestamp":"2026-05-21 19:31:06","userId":"25e3bd35-abf3-416b-86fd-cbb7b264d3db"}
{"level":"error","message":"Daily limit of $500 exceeded","method":"POST","path":"/api/v1/transfer","statusCode":400,"timestamp":"2026-05-21 19:31:08","userId":"4fd51b70-9451-46b1-a0ec-cd277e0e1381"}
{"level":"error","message":"Insufficient funds (Concurrency Check)","method":"POST","path":"/api/v1/transfer","statusCode":400,"timestamp":"2026-05-21 19:31:10","userId":"3a7902b6-fc86-400e-b3cc-1570eec583b0"}
{"level":"error","message":"Security Alert: Excessive transfer attempts detected","method":"POST","path":"/api/v1/transfer","statusCode":429,"timestamp":"2026-05-21 19:31:18","userId":"2e16663a-f94d-4c63-85a3-cf06a015d996"}
